Arguments: 
  C:\Program Files\nodejs\node.exe C:\Program Files (x86)\Yarn\bin\yarn.js add barba.js

PATH: 
  C:\Program Files\Git\mingw64\bin;C:\Program Files\Git\usr\bin;C:\Users\Мир\bin;C:\WINDOWS\system32;C:\WINDOWS;C:\WINDOWS\System32\Wbem;C:\WINDOWS\System32\WindowsPowerShell\v1.0;C:\Program Files (x86)\ATI Technologies\ATI.ACE\Core-Static;C:\Users\Мир\AppData\Roaming\nvm;C:\Program Files\nodejs;C:\Program Files (x86)\Yarn\bin;C:\Program Files\nodejs;C:\Users\Мир\AppData\Local\Microsoft\WindowsApps;C:\Users\Мир\AppData\Roaming\nvm;C:\Program Files\nodejs;C:\Users\Мир\AppData\Local\Yarn\bin;C:\Program Files\Microsoft VS Code\bin;C:\Users\Мир\AppData\Roaming\npm

Yarn version: 
  1.3.2

Node version: 
  8.11.1

Platform: 
  win32 x64

npm manifest: 
  {
    "name": "codewhynot-builder",
    "version": "1.0.0",
    "scripts": {
      "build": "gulp build",
      "start": "gulp"
    },
    "authors": "codewhynot <codwhynot@gmail.com>",
    "devDependencies": {
      "autoprefixer": "^8.3.0",
      "babel-core": "^6.18.2",
      "babel-eslint": "^7.2.3",
      "babel-loader": "^7.1.4",
      "babel-plugin-transform-runtime": "^6.4.3",
      "babel-preset-env": "^1.6.0",
      "babel-preset-es2015": "^6.3.13",
      "babel-runtime": "^5.0.0",
      "browser-sync": "^2.10.0",
      "css-mqpacker": "^6.0.2",
      "jquery": "^3.1.1",
      "lint-staged": "^7.0.4",
      "del": "^3.0.0",
      "husky": "^0.14.3",
      "eslint": "^4.3.0",
      "eslint-config-airbnb": "^16.1.0",
      "eslint-formatter-pretty": "^1.1.0",
      "eslint-loader": "^2.0.0",
      "gulp": "^3.9.1",
      "gulp-filter": "^5.1.0",
      "gulp-if": "^2.0.0",
      "gulp-notify": "^3.2.0",
      "gulp-plumber": "^1.0.1",
      "htmlhint": "^0.9.13",
      "gulp-git": "^2.0.1",
      "lost": "^7.1.0",
      "postcss-csso": "^3.0.0",
      "gulp-postcss": "^7.0.1",
      "gulp-rename": "^1.2.2",
      "gulp-sass": "^4.0.1",
      "gulp-sourcemaps": "^2.6.4",
      "gulp-util": "^3.0.7",
      "require-dir": "^1.0.0",
      "gulp-consolidate": "^0.2.0",
      "gulp-include": "^2.0.3",
      "run-sequence": "^2.2.1",
      "gulp-svgmin": "^1.2.0",
      "gulp-cheerio": "^0.6.2",
      "gulp-changed": "^1.3.0",
      "gulp-svgstore": "^5.0.5",
      "through2": "^2.0.1",
      "gulp-front-matter": "^1.3.0",
      "gulp-prettify": "^0.5.0",
      "gulp-nunjucks-render": "^2.0.0",
      "webpack": "^4.6.0",
      "webpack-bundle-analyzer": "^2.11.1",
      "require-yaml": "^0.0.1",
      "lodash": "^4.3.0"
    }
  }

yarn manifest: 
  No manifest

Lockfile: 
  No lockfile

Trace: 
  Error: EPERM: operation not permitted, unlink 'E:\work\codewhynot.github.io\emes\node_modules\node-sass\vendor\win32-x64-57\binding.node'
